<?xml version="1.0" encoding="UTF-8"?>
<testng-results skipped="0" failed="0" ignored="0" total="1" passed="1">
  <reporter-output>
  </reporter-output>
  <suite name="Default suite" duration-ms="9381" started-at="2021-10-16T16:24:54 CDT" finished-at="2021-10-16T16:25:03 CDT">
    <groups>
    </groups>
    <test name="Default test" duration-ms="9381" started-at="2021-10-16T16:24:54 CDT" finished-at="2021-10-16T16:25:03 CDT">
      <class name="test.DublicateCategoryTest">
        <test-method status="PASS" signature="userShouldNotAbleToAddCategory()[pri:0, instance:test.DublicateCategoryTest@cd2dae5]" name="userShouldNotAbleToAddCategory" duration-ms="9303" started-at="2021-10-16T16:24:54 CDT" finished-at="2021-10-16T16:25:03 CDT">
          <reporter-output>
          </reporter-output>
        </test-method> <!-- userShouldNotAbleToAddCategory -->
      </class> <!-- test.DublicateCategoryTest -->
    </test> <!-- Default test -->
  </suite> <!-- Default suite -->
</testng-results>
